<?xml version="1.0" encoding="UTF-8"?>
<!-- Generated by org.testng.reporters.JUnitXMLReporter -->
<testsuite hostname="LAP-KARTHIGA" ignored="0" name="Test" tests="22" failures="0" timestamp="2022-06-07T17:46:22 CDT" time="5.405" errors="0">
  <testcase name="checkContentType" time="0.0" classname="jobs.herokku.testCases.TC004_Put_Job_Update"/>
  <testcase name="checkResposeBody" time="0.022" classname="jobs.herokku.testCases.TC004_Put_Job_Update"/>
  <testcase name="checkStatusCodeAndSchema" time="0.81" classname="jobs.herokku.testCases.TC004_Put_Job_Update"/>
  <testcase name="checkserverType" time="0.0" classname="jobs.herokku.testCases.TC004_Put_Job_Update"/>
  <testcase name="checkstatusLine" time="0.0" classname="jobs.herokku.testCases.TC004_Put_Job_Update"/>
  <testcase name="postNewJobDetails" time="0.316" classname="jobs.herokku.testCases.TC002_Post_Job_Details"/>
  <testcase name="checkStatusCodeAndSchema" time="0.042" classname="jobs.herokku.testCases.TC002_Post_Job_Details"/>
  <testcase name="checkResposeBody" time="0.058" classname="jobs.herokku.testCases.TC002_Post_Job_Details"/>
  <testcase name="checkContentType" time="0.0" classname="jobs.herokku.testCases.TC005_Delete_Job"/>
  <testcase name="checkStatusCodeAndSchema" time="0.031" classname="jobs.herokku.testCases.TC005_Delete_Job"/>
  <testcase name="checkcontentEncoding" time="0.0" classname="jobs.herokku.testCases.TC005_Delete_Job"/>
  <testcase name="checkserverType" time="0.0" classname="jobs.herokku.testCases.TC005_Delete_Job"/>
  <testcase name="checkstatusLine" time="0.0" classname="jobs.herokku.testCases.TC005_Delete_Job"/>
  <testcase name="checkResposeBody" time="0.015" classname="jobs.herokku.testCases.TC001_Get_All_Jobs"/>
  <testcase name="checkStatusCodeAndSchema" time="0.038" classname="jobs.herokku.testCases.TC001_Get_All_Jobs"/>
  <testcase name="checkResponseTime" time="0.0" classname="jobs.herokku.testCases.TC001_Get_All_Jobs"/>
  <testcase name="checkstatusLine" time="0.0" classname="jobs.herokku.testCases.TC001_Get_All_Jobs"/>
  <testcase name="checkContentType" time="0.015" classname="jobs.herokku.testCases.TC001_Get_All_Jobs"/>
  <testcase name="checkserverType" time="0.0" classname="jobs.herokku.testCases.TC001_Get_All_Jobs"/>
  <testcase name="checkContentLenght" time="0.0" classname="jobs.herokku.testCases.TC001_Get_All_Jobs"/>
  <testcase name="checkContentEncoding" time="0.016" classname="jobs.herokku.testCases.TC001_Get_All_Jobs"/>
  <testcase name="checkAllHeaders" time="0.0" classname="jobs.herokku.testCases.TC001_Get_All_Jobs"/>
</testsuite> <!-- Test -->
